<?xml version="1.0" encoding="UTF-8"?>
<!-- Generated by org.testng.reporters.JUnitReportReporter -->
<testsuite hostname="DESKTOP-CRR22JH" failures="0" tests="12" name="api.testCases.UserTestDD" time="26.278" errors="0" timestamp="2024-12-26T11:39:53 IST" skipped="0">
  <testcase classname="api.testCases.UserTestDD" name="testCreateAndGetUser" time="2.989"/>
  <testcase classname="api.testCases.UserTestDD" name="testCreateAndGetUser" time="3.270"/>
  <testcase classname="api.testCases.UserTestDD" name="testCreateAndGetUser" time="3.291"/>
  <testcase classname="api.testCases.UserTestDD" name="testCreateAndGetUser" time="2.953"/>
  <testcase classname="api.testCases.UserTestDD" name="testGetUserData" time="1.801"/>
  <testcase classname="api.testCases.UserTestDD" name="testGetUserData" time="1.598"/>
  <testcase classname="api.testCases.UserTestDD" name="testGetUserData" time="1.923"/>
  <testcase classname="api.testCases.UserTestDD" name="testGetUserData" time="1.881"/>
  <testcase classname="api.testCases.UserTestDD" name="testDeleteUser" time="1.591"/>
  <testcase classname="api.testCases.UserTestDD" name="testDeleteUser" time="1.904"/>
  <testcase classname="api.testCases.UserTestDD" name="testDeleteUser" time="1.583"/>
  <testcase classname="api.testCases.UserTestDD" name="testDeleteUser" time="1.494"/>
</testsuite> <!-- api.testCases.UserTestDD -->
