<?xml version="1.0" encoding="UTF-8"?>
<!-- Generated by org.testng.reporters.JUnitReportReporter -->
<testsuite hostname="DESKTOP-CRR22JH" failures="0" tests="4" name="api.testCases.UserTest" time="22.088" errors="0" timestamp="2024-12-26T14:25:48 IST" skipped="0">
  <testcase classname="api.testCases.UserTest" name="testCreateAndGetUser" time="13.936"/>
  <testcase classname="api.testCases.UserTest" name="testGetUserData" time="2.148"/>
  <testcase classname="api.testCases.UserTest" name="testUpdateUser" time="3.051"/>
  <testcase classname="api.testCases.UserTest" name="testDeleteUser" time="2.953"/>
</testsuite> <!-- api.testCases.UserTest -->
