<?xml version="1.0" encoding="UTF-8"?>
<!-- Generated by org.testng.reporters.JUnitReportReporter -->
<testsuite hostname="DESKTOP-CRR22JH" failures="0" tests="4" name="api.testCases.UserTest" time="22.289" errors="0" timestamp="2024-12-26T15:06:00 IST" skipped="0">
  <testcase classname="api.testCases.UserTest" name="testCreateAndGetUser" time="13.235"/>
  <testcase classname="api.testCases.UserTest" name="testGetUserData" time="1.948"/>
  <testcase classname="api.testCases.UserTest" name="testUpdateUser" time="3.653"/>
  <testcase classname="api.testCases.UserTest" name="testDeleteUser" time="3.453"/>
</testsuite> <!-- api.testCases.UserTest -->
